
python rec.py --axis 1205.0 --type full /local/data/2019-07/toney/007_CFF_B36A_P16_A2_P1_50keV_2p5s_180mm.h5
python rec.py --axis 1204.5 --type full /local/data/2019-07/toney/009_CFF_B36A_P16_A2_P1_50keV_1s_180mm.h5
python rec.py --axis 1225.5 --type full /local/data/2019-07/toney/010_CFF_B36A_P16_A2_P1_Pink_p02s_180mm.h5
python rec.py --axis 1225.5 --type full /local/data/2019-07/toney/011_CFF_B36A_P16_A2_P1_Pink_p02s_180mm_Al150um_Gl8mm.h5
python rec.py --axis 1205.0 --type subset /local/data/2019-07/toney/007_CFF_B36A_P16_A2_P1_50keV_2p5s_180mm.h5
python rec.py --axis 1218.0 --type full /local/data/2019-07/toney/030_CFF_B36A_P16_A2_P1_Pink_p03s_200mm_Al1mm_Gl8mm.h5
python rec.py --axis 1235.5 --type full /local/data/2019-07/toney/057_CFF_B36A_P15_A2_P2_Pink_p17s_180mm_Gl8mm.h5
python rec.py --axis 1238.5 --type full /local/data/2019-07/toney/049_CFF_B36A_P15_A1_P3_Pink_p17s_180mm_Gl8mm.h5
python rec.py --axis 1236.0 --type full /local/data/2019-07/toney/046_CFF_B36A_P15_A1_P1_Pink_p17s_180mm_Gl8mm.h5
python rec.py --axis 1236.0 --type full /local/data/2019-07/toney/047_CFF_B36A_P15_A1_P1_Pink_p1s_180mm_Gl8mm.h5
python rec.py --axis 1238.5 --type full /local/data/2019-07/toney/048_CFF_B36A_P15_A1_P2_Pink_p17s_180mm_Gl8mm.h5
python rec.py --axis 1238.5 --type full /local/data/2019-07/toney/049_CFF_B36A_P15_A1_P3_Pink_p17s_180mm_Gl8mm.h5
python rec.py --axis 1236.5 --type full /local/data/2019-07/toney/050_CFF_B36A_P15_A1_P4_Pink_p17s_180mm_Gl8mm.h5
python rec.py --axis 1229.5 --type full /local/data/2019-07/toney/051_CFF_B36A_P15_A2_P1_Pink_p17s_180mm_Gl8mm.h5
python rec.py --axis 1230.5 --type full /local/data/2019-07/toney/052_CFF_B36A_P15_A2_P2_Pink_p17s_180mm_Gl8mm.h5
python rec.py --axis 1227.0 --type full /local/data/2019-07/toney/056_CFF_B36A_P15_A2_P1_Pink_p17s_180mm_Gl8mm.h5
python rec.py --axis 1236.5 --type full /local/data/2019-07/toney/057_CFF_B36A_P15_A2_P2_Pink_p17s_180mm_Gl8mm.h5
python rec.py --axis 1226.0 --type full /local/data/2019-07/toney/058_CFF_B36A_P15_A3_P1_Pink_p17s_180mm_Gl8mm.h5
python rec.py --axis 1237.0 --type full /local/data/2019-07/toney/059_CFF_B36A_P15_A3_P2_Pink_p17s_180mm_Gl8mm.h5
python rec.py --axis 1235.0 --type full /local/data/2019-07/toney/060_CFF_B36A_P15_A3_P3_Pink_p17s_180mm_Gl8mm.h5
python rec.py --axis 1235.0 --type full /local/data/2019-07/toney/061_CFF_B36A_P15_A3_P4_Pink_p17s_180mm_Gl8mm.h5
python rec.py --axis 1223.5 --type full /local/data/2019-07/toney/062_CFF_B36A_P16_A1_P1_Pink_p17s_180mm_Gl8mm.h5
python rec.py --axis 1235.5 --type full /local/data/2019-07/toney/063_CFF_B36A_P16_A1_P2_Pink_p17s_180mm_Gl8mm.h5
python rec.py --axis 1229.5 --type full /local/data/2019-07/toney/064_CFF_B36A_P16_A1_P3_Pink_p17s_180mm_Gl8mm.h5
python rec.py --axis 1229.0 --type full /local/data/2019-07/toney/065_CFF_B36A_P16_A1_P4_Pink_p17s_180mm_Gl8mm.h5
python rec.py --axis 1225.5 --type full /local/data/2019-07/toney/066_CFF_B36A_P16_A3_P1_Pink_p17s_180mm_Gl8mm.h5
python rec.py --axis 1222.5 --type full /local/data/2019-07/toney/067_CFF_B36A_P16_A3_P2_Pink_p17s_180mm_Gl8mm.h5
python rec.py --axis 1236.0 --type full /local/data/2019-07/toney/068_CFF_B36A_P16_A3_P3_Pink_p17s_180mm_Gl8mm.h5
python rec.py --axis 1225.5 --type full /local/data/2019-07/toney/069_CFF_B36A_P16_A3_P4_Pink_p17s_180mm_Gl8mm.h5
python rec.py --axis 1227.5 --type full /local/data/2019-07/toney/070_WE_P1_Pink_p17s_180mm_Gl8mm.h5