
recon --axis 1226.0 --type full /local/data/2019-07/peng/002_PA7732.h5
recon --axis 1238.5 --type full /local/data/2019-07/peng/003_GR8055.h5
recon --axis 1241.0 --type full /local/data/2019-07/peng/004_EF12308.h5
recon --axis 1241.5 --type full /local/data/2019-07/peng/005_CS3547.h5
recon --axis 1241.5 --type full /local/data/2019-07/peng/005_CS3547.h5
recon --axis 1241.5 --type full /local/data/2019-07/peng/008_GA8548-3.h5
recon --axis 1245.0 --type full /local/data/2019-07/peng/009_PA7581.h5
recon --axis 1246.0 --type full /local/data/2019-07/peng/010_PA7581.h5
recon --axis 1245.0 --type full /local/data/2019-07/peng/011_H6849.h5
recon --axis 1242.0 --type full /local/data/2019-07/peng/007_GA8548-2.h5
recon --axis 1234.5 --type full /local/data/2019-07/peng/012_CS3547_oil.h5
recon --axis 1249.0 --type full /local/data/2019-07/peng/016_GR8548-3-2oil.h5
recon --axis 1228.5 --type full /local/data/2019-07/peng/030_TL10773-3-oil.h5
recon --axis 1231.5 --type full /local/data/2019-07/peng/027_GR8055-7-oil.h5
recon --axis 1222.0 --type full /local/data/2019-07/peng/026_PA7581.h5
recon --axis 1226.0 --type full /local/data/2019-07/peng/024_PA7732-oil.h5
recon --axis 1222.0 --type full /local/data/2019-07/peng/023_EF12308-oil.h5
recon --axis 1232.0 --type full /local/data/2019-07/peng/032_PA-7581-2-water.h5
recon --axis 1231.5 --type full /local/data/2019-07/peng/033_EF12308-water.h5
recon --axis 1229.5 --type full /local/data/2019-07/peng/034_PA7732-water.h5
recon --axis 1239.0 --type full /local/data/2019-07/peng/037_GR8055-3-water.h5
recon --axis 1243.5 --type full /local/data/2019-07/peng/039_TL-10773-2-water.h5
recon --axis 1231.0 --type full /local/data/2019-07/peng/043_TL10773-gas.h5
recon --axis 1233.5 --type full /local/data/2019-07/peng/044_GR8055-gas.h5
recon --axis 1239.5 --type full /local/data/2019-07/peng/046_PA7732-2-gas.h5
recon --axis 1238.5 --type full /local/data/2019-07/peng/047_EF12308-5-gas.h5
recon --axis 1238.0 --type full /local/data/2019-07/peng/048_EF12308-5-gas.h5
recon --axis 1234.0 --type full /local/data/2019-07/peng/049_EPA7581-gas.h5